# ../../sources/configure --target=x86-android-gcc --disable-examples --sdk-path=/Users/simon/Android/android-ndk
Configuring selected codecs
  enabling vp8_encoder
  enabling vp8_decoder
Configuring for target 'x86-android-gcc'
  enabling x86
  enabling runtime_cpu_detect
  enabling realtime_only
check_cflags -fomit-frame-pointer
check_cc -fomit-frame-pointer
BEGIN /var/folders/k8/hwt60w2n3jxgw5ncmk226rvc0000gn/T//vpx-conf-26783-2516.c
    1	int x;
END /var/folders/k8/hwt60w2n3jxgw5ncmk226rvc0000gn/T//vpx-conf-26783-2516.c
/Users/simon/Android/android-ndk/toolchains/x86-4.8/prebuilt/darwin-x86_64/bin/i686-linux-android-gcc --sysroot=/Users/simon/Android/android-ndk/platforms/android-21/arch-x86 -I/Users/simon/Android/android-ndk/sources/android/cpufeatures/ -m32 -fomit-frame-pointer -c -o /var/folders/k8/hwt60w2n3jxgw5ncmk226rvc0000gn/T//vpx-conf-26783-10092.o /var/folders/k8/hwt60w2n3jxgw5ncmk226rvc0000gn/T//vpx-conf-26783-2516.c
  using /Users/simon/Android/android-ndk/toolchains/x86-4.8/prebuilt/darwin-x86_64/bin/i686-linux-android-as
Warning: Unknown os android while setting up /Users/simon/Android/android-ndk/toolchains/x86-4.8/prebuilt/darwin-x86_64/bin/i686-linux-android-as flags
check_cflags -O3
check_cc -O3
BEGIN /var/folders/k8/hwt60w2n3jxgw5ncmk226rvc0000gn/T//vpx-conf-26783-2516.c
    1	int x;
END /var/folders/k8/hwt60w2n3jxgw5ncmk226rvc0000gn/T//vpx-conf-26783-2516.c
/Users/simon/Android/android-ndk/toolchains/x86-4.8/prebuilt/darwin-x86_64/bin/i686-linux-android-gcc --sysroot=/Users/simon/Android/android-ndk/platforms/android-21/arch-x86 -I/Users/simon/Android/android-ndk/sources/android/cpufeatures/ -m32 -fomit-frame-pointer -O3 -c -o /var/folders/k8/hwt60w2n3jxgw5ncmk226rvc0000gn/T//vpx-conf-26783-10092.o /var/folders/k8/hwt60w2n3jxgw5ncmk226rvc0000gn/T//vpx-conf-26783-2516.c
check_cflags -fPIC
check_cc -fPIC
BEGIN /var/folders/k8/hwt60w2n3jxgw5ncmk226rvc0000gn/T//vpx-conf-26783-2516.c
    1	int x;
END /var/folders/k8/hwt60w2n3jxgw5ncmk226rvc0000gn/T//vpx-conf-26783-2516.c
/Users/simon/Android/android-ndk/toolchains/x86-4.8/prebuilt/darwin-x86_64/bin/i686-linux-android-gcc --sysroot=/Users/simon/Android/android-ndk/platforms/android-21/arch-x86 -I/Users/simon/Android/android-ndk/sources/android/cpufeatures/ -m32 -fomit-frame-pointer -O3 -fPIC -c -o /var/folders/k8/hwt60w2n3jxgw5ncmk226rvc0000gn/T//vpx-conf-26783-10092.o /var/folders/k8/hwt60w2n3jxgw5ncmk226rvc0000gn/T//vpx-conf-26783-2516.c
check_cc
BEGIN /var/folders/k8/hwt60w2n3jxgw5ncmk226rvc0000gn/T//vpx-conf-26783-2516.c
    1	    unsigned int e = 'O'<<24 | '2'<<16 | 'B'<<8 | 'E';
END /var/folders/k8/hwt60w2n3jxgw5ncmk226rvc0000gn/T//vpx-conf-26783-2516.c
/Users/simon/Android/android-ndk/toolchains/x86-4.8/prebuilt/darwin-x86_64/bin/i686-linux-android-gcc --sysroot=/Users/simon/Android/android-ndk/platforms/android-21/arch-x86 -I/Users/simon/Android/android-ndk/sources/android/cpufeatures/ -m32 -fomit-frame-pointer -O3 -fPIC -c -o /var/folders/k8/hwt60w2n3jxgw5ncmk226rvc0000gn/T//vpx-conf-26783-10092.o /var/folders/k8/hwt60w2n3jxgw5ncmk226rvc0000gn/T//vpx-conf-26783-2516.c
check_header unistd.h
check_cpp
BEGIN /var/folders/k8/hwt60w2n3jxgw5ncmk226rvc0000gn/T//vpx-conf-26783-2516.c
    1	#include "unistd.h"
    2	int x;
END /var/folders/k8/hwt60w2n3jxgw5ncmk226rvc0000gn/T//vpx-conf-26783-2516.c
/Users/simon/Android/android-ndk/toolchains/x86-4.8/prebuilt/darwin-x86_64/bin/i686-linux-android-gcc --sysroot=/Users/simon/Android/android-ndk/platforms/android-21/arch-x86 -I/Users/simon/Android/android-ndk/sources/android/cpufeatures/ -m32 -fomit-frame-pointer -O3 -fPIC -E -o /var/folders/k8/hwt60w2n3jxgw5ncmk226rvc0000gn/T//vpx-conf-26783-10092.o /var/folders/k8/hwt60w2n3jxgw5ncmk226rvc0000gn/T//vpx-conf-26783-2516.c
check_cflags -Wall
check_cc -Wall
BEGIN /var/folders/k8/hwt60w2n3jxgw5ncmk226rvc0000gn/T//vpx-conf-26783-2516.c
    1	int x;
END /var/folders/k8/hwt60w2n3jxgw5ncmk226rvc0000gn/T//vpx-conf-26783-2516.c
/Users/simon/Android/android-ndk/toolchains/x86-4.8/prebuilt/darwin-x86_64/bin/i686-linux-android-gcc --sysroot=/Users/simon/Android/android-ndk/platforms/android-21/arch-x86 -I/Users/simon/Android/android-ndk/sources/android/cpufeatures/ -m32 -fomit-frame-pointer -O3 -fPIC -Wall -c -o /var/folders/k8/hwt60w2n3jxgw5ncmk226rvc0000gn/T//vpx-conf-26783-10092.o /var/folders/k8/hwt60w2n3jxgw5ncmk226rvc0000gn/T//vpx-conf-26783-2516.c
check_cflags -Wdeclaration-after-statement
check_cc -Wdeclaration-after-statement
BEGIN /var/folders/k8/hwt60w2n3jxgw5ncmk226rvc0000gn/T//vpx-conf-26783-2516.c
    1	int x;
END /var/folders/k8/hwt60w2n3jxgw5ncmk226rvc0000gn/T//vpx-conf-26783-2516.c
/Users/simon/Android/android-ndk/toolchains/x86-4.8/prebuilt/darwin-x86_64/bin/i686-linux-android-gcc --sysroot=/Users/simon/Android/android-ndk/platforms/android-21/arch-x86 -I/Users/simon/Android/android-ndk/sources/android/cpufeatures/ -m32 -fomit-frame-pointer -O3 -fPIC -Wall -Wdeclaration-after-statement -c -o /var/folders/k8/hwt60w2n3jxgw5ncmk226rvc0000gn/T//vpx-conf-26783-10092.o /var/folders/k8/hwt60w2n3jxgw5ncmk226rvc0000gn/T//vpx-conf-26783-2516.c
check_cflags -Wdisabled-optimization
check_cc -Wdisabled-optimization
BEGIN /var/folders/k8/hwt60w2n3jxgw5ncmk226rvc0000gn/T//vpx-conf-26783-2516.c
    1	int x;
END /var/folders/k8/hwt60w2n3jxgw5ncmk226rvc0000gn/T//vpx-conf-26783-2516.c
/Users/simon/Android/android-ndk/toolchains/x86-4.8/prebuilt/darwin-x86_64/bin/i686-linux-android-gcc --sysroot=/Users/simon/Android/android-ndk/platforms/android-21/arch-x86 -I/Users/simon/Android/android-ndk/sources/android/cpufeatures/ -m32 -fomit-frame-pointer -O3 -fPIC -Wall -Wdeclaration-after-statement -Wdisabled-optimization -c -o /var/folders/k8/hwt60w2n3jxgw5ncmk226rvc0000gn/T//vpx-conf-26783-10092.o /var/folders/k8/hwt60w2n3jxgw5ncmk226rvc0000gn/T//vpx-conf-26783-2516.c
check_cflags -Wpointer-arith
check_cc -Wpointer-arith
BEGIN /var/folders/k8/hwt60w2n3jxgw5ncmk226rvc0000gn/T//vpx-conf-26783-2516.c
    1	int x;
END /var/folders/k8/hwt60w2n3jxgw5ncmk226rvc0000gn/T//vpx-conf-26783-2516.c
/Users/simon/Android/android-ndk/toolchains/x86-4.8/prebuilt/darwin-x86_64/bin/i686-linux-android-gcc --sysroot=/Users/simon/Android/android-ndk/platforms/android-21/arch-x86 -I/Users/simon/Android/android-ndk/sources/android/cpufeatures/ -m32 -fomit-frame-pointer -O3 -fPIC -Wall -Wdeclaration-after-statement -Wdisabled-optimization -Wpointer-arith -c -o /var/folders/k8/hwt60w2n3jxgw5ncmk226rvc0000gn/T//vpx-conf-26783-10092.o /var/folders/k8/hwt60w2n3jxgw5ncmk226rvc0000gn/T//vpx-conf-26783-2516.c
check_cflags -Wtype-limits
check_cc -Wtype-limits
BEGIN /var/folders/k8/hwt60w2n3jxgw5ncmk226rvc0000gn/T//vpx-conf-26783-2516.c
    1	int x;
END /var/folders/k8/hwt60w2n3jxgw5ncmk226rvc0000gn/T//vpx-conf-26783-2516.c
/Users/simon/Android/android-ndk/toolchains/x86-4.8/prebuilt/darwin-x86_64/bin/i686-linux-android-gcc --sysroot=/Users/simon/Android/android-ndk/platforms/android-21/arch-x86 -I/Users/simon/Android/android-ndk/sources/android/cpufeatures/ -m32 -fomit-frame-pointer -O3 -fPIC -Wall -Wdeclaration-after-statement -Wdisabled-optimization -Wpointer-arith -Wtype-limits -c -o /var/folders/k8/hwt60w2n3jxgw5ncmk226rvc0000gn/T//vpx-conf-26783-10092.o /var/folders/k8/hwt60w2n3jxgw5ncmk226rvc0000gn/T//vpx-conf-26783-2516.c
check_cflags -Wcast-qual
check_cc -Wcast-qual
BEGIN /var/folders/k8/hwt60w2n3jxgw5ncmk226rvc0000gn/T//vpx-conf-26783-2516.c
    1	int x;
END /var/folders/k8/hwt60w2n3jxgw5ncmk226rvc0000gn/T//vpx-conf-26783-2516.c
/Users/simon/Android/android-ndk/toolchains/x86-4.8/prebuilt/darwin-x86_64/bin/i686-linux-android-gcc --sysroot=/Users/simon/Android/android-ndk/platforms/android-21/arch-x86 -I/Users/simon/Android/android-ndk/sources/android/cpufeatures/ -m32 -fomit-frame-pointer -O3 -fPIC -Wall -Wdeclaration-after-statement -Wdisabled-optimization -Wpointer-arith -Wtype-limits -Wcast-qual -c -o /var/folders/k8/hwt60w2n3jxgw5ncmk226rvc0000gn/T//vpx-conf-26783-10092.o /var/folders/k8/hwt60w2n3jxgw5ncmk226rvc0000gn/T//vpx-conf-26783-2516.c
check_cflags -Wimplicit-function-declaration
check_cc -Wimplicit-function-declaration
BEGIN /var/folders/k8/hwt60w2n3jxgw5ncmk226rvc0000gn/T//vpx-conf-26783-2516.c
    1	int x;
END /var/folders/k8/hwt60w2n3jxgw5ncmk226rvc0000gn/T//vpx-conf-26783-2516.c
/Users/simon/Android/android-ndk/toolchains/x86-4.8/prebuilt/darwin-x86_64/bin/i686-linux-android-gcc --sysroot=/Users/simon/Android/android-ndk/platforms/android-21/arch-x86 -I/Users/simon/Android/android-ndk/sources/android/cpufeatures/ -m32 -fomit-frame-pointer -O3 -fPIC -Wall -Wdeclaration-after-statement -Wdisabled-optimization -Wpointer-arith -Wtype-limits -Wcast-qual -Wimplicit-function-declaration -c -o /var/folders/k8/hwt60w2n3jxgw5ncmk226rvc0000gn/T//vpx-conf-26783-10092.o /var/folders/k8/hwt60w2n3jxgw5ncmk226rvc0000gn/T//vpx-conf-26783-2516.c
check_cflags -Wuninitialized
check_cc -Wuninitialized
BEGIN /var/folders/k8/hwt60w2n3jxgw5ncmk226rvc0000gn/T//vpx-conf-26783-2516.c
    1	int x;
END /var/folders/k8/hwt60w2n3jxgw5ncmk226rvc0000gn/T//vpx-conf-26783-2516.c
/Users/simon/Android/android-ndk/toolchains/x86-4.8/prebuilt/darwin-x86_64/bin/i686-linux-android-gcc --sysroot=/Users/simon/Android/android-ndk/platforms/android-21/arch-x86 -I/Users/simon/Android/android-ndk/sources/android/cpufeatures/ -m32 -fomit-frame-pointer -O3 -fPIC -Wall -Wdeclaration-after-statement -Wdisabled-optimization -Wpointer-arith -Wtype-limits -Wcast-qual -Wimplicit-function-declaration -Wuninitialized -c -o /var/folders/k8/hwt60w2n3jxgw5ncmk226rvc0000gn/T//vpx-conf-26783-10092.o /var/folders/k8/hwt60w2n3jxgw5ncmk226rvc0000gn/T//vpx-conf-26783-2516.c
check_cflags -Wunused-variable
check_cc -Wunused-variable
BEGIN /var/folders/k8/hwt60w2n3jxgw5ncmk226rvc0000gn/T//vpx-conf-26783-2516.c
    1	int x;
END /var/folders/k8/hwt60w2n3jxgw5ncmk226rvc0000gn/T//vpx-conf-26783-2516.c
/Users/simon/Android/android-ndk/toolchains/x86-4.8/prebuilt/darwin-x86_64/bin/i686-linux-android-gcc --sysroot=/Users/simon/Android/android-ndk/platforms/android-21/arch-x86 -I/Users/simon/Android/android-ndk/sources/android/cpufeatures/ -m32 -fomit-frame-pointer -O3 -fPIC -Wall -Wdeclaration-after-statement -Wdisabled-optimization -Wpointer-arith -Wtype-limits -Wcast-qual -Wimplicit-function-declaration -Wuninitialized -Wunused-variable -c -o /var/folders/k8/hwt60w2n3jxgw5ncmk226rvc0000gn/T//vpx-conf-26783-10092.o /var/folders/k8/hwt60w2n3jxgw5ncmk226rvc0000gn/T//vpx-conf-26783-2516.c
check_cflags -Wunused-but-set-variable
check_cc -Wunused-but-set-variable
BEGIN /var/folders/k8/hwt60w2n3jxgw5ncmk226rvc0000gn/T//vpx-conf-26783-2516.c
    1	int x;
END /var/folders/k8/hwt60w2n3jxgw5ncmk226rvc0000gn/T//vpx-conf-26783-2516.c
/Users/simon/Android/android-ndk/toolchains/x86-4.8/prebuilt/darwin-x86_64/bin/i686-linux-android-gcc --sysroot=/Users/simon/Android/android-ndk/platforms/android-21/arch-x86 -I/Users/simon/Android/android-ndk/sources/android/cpufeatures/ -m32 -fomit-frame-pointer -O3 -fPIC -Wall -Wdeclaration-after-statement -Wdisabled-optimization -Wpointer-arith -Wtype-limits -Wcast-qual -Wimplicit-function-declaration -Wuninitialized -Wunused-variable -Wunused-but-set-variable -c -o /var/folders/k8/hwt60w2n3jxgw5ncmk226rvc0000gn/T//vpx-conf-26783-10092.o /var/folders/k8/hwt60w2n3jxgw5ncmk226rvc0000gn/T//vpx-conf-26783-2516.c
check_cflags -Wno-unused-function
check_cc -Wno-unused-function
BEGIN /var/folders/k8/hwt60w2n3jxgw5ncmk226rvc0000gn/T//vpx-conf-26783-2516.c
    1	int x;
END /var/folders/k8/hwt60w2n3jxgw5ncmk226rvc0000gn/T//vpx-conf-26783-2516.c
/Users/simon/Android/android-ndk/toolchains/x86-4.8/prebuilt/darwin-x86_64/bin/i686-linux-android-gcc --sysroot=/Users/simon/Android/android-ndk/platforms/android-21/arch-x86 -I/Users/simon/Android/android-ndk/sources/android/cpufeatures/ -m32 -fomit-frame-pointer -O3 -fPIC -Wall -Wdeclaration-after-statement -Wdisabled-optimization -Wpointer-arith -Wtype-limits -Wcast-qual -Wimplicit-function-declaration -Wuninitialized -Wunused-variable -Wunused-but-set-variable -Wno-unused-function -c -o /var/folders/k8/hwt60w2n3jxgw5ncmk226rvc0000gn/T//vpx-conf-26783-10092.o /var/folders/k8/hwt60w2n3jxgw5ncmk226rvc0000gn/T//vpx-conf-26783-2516.c
  enabling postproc
check_header stdio.h
check_cpp
BEGIN /var/folders/k8/hwt60w2n3jxgw5ncmk226rvc0000gn/T//vpx-conf-26783-2516.c
    1	#include "stdio.h"
    2	int x;
END /var/folders/k8/hwt60w2n3jxgw5ncmk226rvc0000gn/T//vpx-conf-26783-2516.c
/Users/simon/Android/android-ndk/toolchains/x86-4.8/prebuilt/darwin-x86_64/bin/i686-linux-android-gcc --sysroot=/Users/simon/Android/android-ndk/platforms/android-21/arch-x86 -I/Users/simon/Android/android-ndk/sources/android/cpufeatures/ -m32 -fomit-frame-pointer -O3 -fPIC -Wall -Wdeclaration-after-statement -Wdisabled-optimization -Wpointer-arith -Wtype-limits -Wcast-qual -Wimplicit-function-declaration -Wuninitialized -Wunused-variable -Wunused-but-set-variable -Wno-unused-function -E -o /var/folders/k8/hwt60w2n3jxgw5ncmk226rvc0000gn/T//vpx-conf-26783-10092.o /var/folders/k8/hwt60w2n3jxgw5ncmk226rvc0000gn/T//vpx-conf-26783-2516.c
check_ld
check_cc
BEGIN /var/folders/k8/hwt60w2n3jxgw5ncmk226rvc0000gn/T//vpx-conf-26783-2516.c
    1	int main(void) {return 0;}
END /var/folders/k8/hwt60w2n3jxgw5ncmk226rvc0000gn/T//vpx-conf-26783-2516.c
/Users/simon/Android/android-ndk/toolchains/x86-4.8/prebuilt/darwin-x86_64/bin/i686-linux-android-gcc --sysroot=/Users/simon/Android/android-ndk/platforms/android-21/arch-x86 -I/Users/simon/Android/android-ndk/sources/android/cpufeatures/ -m32 -fomit-frame-pointer -O3 -fPIC -Wall -Wdeclaration-after-statement -Wdisabled-optimization -Wpointer-arith -Wtype-limits -Wcast-qual -Wimplicit-function-declaration -Wuninitialized -Wunused-variable -Wunused-but-set-variable -Wno-unused-function -c -o /var/folders/k8/hwt60w2n3jxgw5ncmk226rvc0000gn/T//vpx-conf-26783-10092.o /var/folders/k8/hwt60w2n3jxgw5ncmk226rvc0000gn/T//vpx-conf-26783-2516.c
/Users/simon/Android/android-ndk/toolchains/x86-4.8/prebuilt/darwin-x86_64/bin/i686-linux-android-gcc --sysroot=/Users/simon/Android/android-ndk/platforms/android-21/arch-x86 -m32 -o /var/folders/k8/hwt60w2n3jxgw5ncmk226rvc0000gn/T//vpx-conf-26783-783.x /var/folders/k8/hwt60w2n3jxgw5ncmk226rvc0000gn/T//vpx-conf-26783-10092.o
check_header stdint.h
check_cpp
BEGIN /var/folders/k8/hwt60w2n3jxgw5ncmk226rvc0000gn/T//vpx-conf-26783-2516.c
    1	#include "stdint.h"
    2	int x;
END /var/folders/k8/hwt60w2n3jxgw5ncmk226rvc0000gn/T//vpx-conf-26783-2516.c
/Users/simon/Android/android-ndk/toolchains/x86-4.8/prebuilt/darwin-x86_64/bin/i686-linux-android-gcc --sysroot=/Users/simon/Android/android-ndk/platforms/android-21/arch-x86 -I/Users/simon/Android/android-ndk/sources/android/cpufeatures/ -m32 -fomit-frame-pointer -O3 -fPIC -Wall -Wdeclaration-after-statement -Wdisabled-optimization -Wpointer-arith -Wtype-limits -Wcast-qual -Wimplicit-function-declaration -Wuninitialized -Wunused-variable -Wunused-but-set-variable -Wno-unused-function -E -o /var/folders/k8/hwt60w2n3jxgw5ncmk226rvc0000gn/T//vpx-conf-26783-10092.o /var/folders/k8/hwt60w2n3jxgw5ncmk226rvc0000gn/T//vpx-conf-26783-2516.c
check_header pthread.h
check_cpp
BEGIN /var/folders/k8/hwt60w2n3jxgw5ncmk226rvc0000gn/T//vpx-conf-26783-2516.c
    1	#include "pthread.h"
    2	int x;
END /var/folders/k8/hwt60w2n3jxgw5ncmk226rvc0000gn/T//vpx-conf-26783-2516.c
/Users/simon/Android/android-ndk/toolchains/x86-4.8/prebuilt/darwin-x86_64/bin/i686-linux-android-gcc --sysroot=/Users/simon/Android/android-ndk/platforms/android-21/arch-x86 -I/Users/simon/Android/android-ndk/sources/android/cpufeatures/ -m32 -fomit-frame-pointer -O3 -fPIC -Wall -Wdeclaration-after-statement -Wdisabled-optimization -Wpointer-arith -Wtype-limits -Wcast-qual -Wimplicit-function-declaration -Wuninitialized -Wunused-variable -Wunused-but-set-variable -Wno-unused-function -E -o /var/folders/k8/hwt60w2n3jxgw5ncmk226rvc0000gn/T//vpx-conf-26783-10092.o /var/folders/k8/hwt60w2n3jxgw5ncmk226rvc0000gn/T//vpx-conf-26783-2516.c
check_header sys/mman.h
check_cpp
BEGIN /var/folders/k8/hwt60w2n3jxgw5ncmk226rvc0000gn/T//vpx-conf-26783-2516.c
    1	#include "sys/mman.h"
    2	int x;
END /var/folders/k8/hwt60w2n3jxgw5ncmk226rvc0000gn/T//vpx-conf-26783-2516.c
/Users/simon/Android/android-ndk/toolchains/x86-4.8/prebuilt/darwin-x86_64/bin/i686-linux-android-gcc --sysroot=/Users/simon/Android/android-ndk/platforms/android-21/arch-x86 -I/Users/simon/Android/android-ndk/sources/android/cpufeatures/ -m32 -fomit-frame-pointer -O3 -fPIC -Wall -Wdeclaration-after-statement -Wdisabled-optimization -Wpointer-arith -Wtype-limits -Wcast-qual -Wimplicit-function-declaration -Wuninitialized -Wunused-variable -Wunused-but-set-variable -Wno-unused-function -E -o /var/folders/k8/hwt60w2n3jxgw5ncmk226rvc0000gn/T//vpx-conf-26783-10092.o /var/folders/k8/hwt60w2n3jxgw5ncmk226rvc0000gn/T//vpx-conf-26783-2516.c
check_header vpx/vpx_integer.h -I../../sources
check_cpp -I../../sources
BEGIN /var/folders/k8/hwt60w2n3jxgw5ncmk226rvc0000gn/T//vpx-conf-26783-2516.c
    1	#include "vpx/vpx_integer.h"
    2	int x;
END /var/folders/k8/hwt60w2n3jxgw5ncmk226rvc0000gn/T//vpx-conf-26783-2516.c
/Users/simon/Android/android-ndk/toolchains/x86-4.8/prebuilt/darwin-x86_64/bin/i686-linux-android-gcc --sysroot=/Users/simon/Android/android-ndk/platforms/android-21/arch-x86 -I/Users/simon/Android/android-ndk/sources/android/cpufeatures/ -m32 -fomit-frame-pointer -O3 -fPIC -Wall -Wdeclaration-after-statement -Wdisabled-optimization -Wpointer-arith -Wtype-limits -Wcast-qual -Wimplicit-function-declaration -Wuninitialized -Wunused-variable -Wunused-but-set-variable -Wno-unused-function -I../../sources -E -o /var/folders/k8/hwt60w2n3jxgw5ncmk226rvc0000gn/T//vpx-conf-26783-10092.o /var/folders/k8/hwt60w2n3jxgw5ncmk226rvc0000gn/T//vpx-conf-26783-2516.c
